Traceback (most recent call last):
  File "/workspace/GPokeT2/gotta_catch_em_all_local.py", line 3, in <module>
    from src.application.train import train_pokemons
  File "/workspace/GPokeT2/src/application/train/__init__.py", line 1, in <module>
    from .main import train_pokemons
  File "/workspace/GPokeT2/src/application/train/main.py", line 1, in <module>
    from transformers import TrainerCallback  # type: ignore
  File "/workspace/GPokeT2/.venv/lib/python3.10/site-packages/transformers/__init__.py", line 27, in <module>
    from . import dependency_versions_check
  File "/workspace/GPokeT2/.venv/lib/python3.10/site-packages/transformers/dependency_versions_check.py", line 16, in <module>
    from .utils.versions import require_version, require_version_core
  File "/workspace/GPokeT2/.venv/lib/python3.10/site-packages/transformers/utils/__init__.py", line 24, in <module>
    from .auto_docstring import (
  File "/workspace/GPokeT2/.venv/lib/python3.10/site-packages/transformers/utils/auto_docstring.py", line 30, in <module>
    from .generic import ModelOutput
  File "/workspace/GPokeT2/.venv/lib/python3.10/site-packages/transformers/utils/generic.py", line 53, in <module>
    import torch  # noqa: F401
  File "/workspace/GPokeT2/.venv/lib/python3.10/site-packages/torch/__init__.py", line 2169, in <module>
    from torch import (
  File "/workspace/GPokeT2/.venv/lib/python3.10/site-packages/torch/nested/__init__.py", line 21, in <module>
    from ._internal.nested_tensor import _rebuild_njt, NestedTensor as _NestedTensor
  File "/workspace/GPokeT2/.venv/lib/python3.10/site-packages/torch/nested/_internal/nested_tensor.py", line 7, in <module>
    from torch.nested._internal.nested_int import NestedIntNode
  File "/workspace/GPokeT2/.venv/lib/python3.10/site-packages/torch/nested/_internal/nested_int.py", line 4, in <module>
    from torch.fx.experimental._constant_symnode import ConstantIntNode
  File "/workspace/GPokeT2/.venv/lib/python3.10/site-packages/torch/fx/__init__.py", line 88, in <module>
    from torch.fx._symbolic_trace import (  # noqa: F401
  File "/workspace/GPokeT2/.venv/lib/python3.10/site-packages/torch/fx/_symbolic_trace.py", line 25, in <module>
    from .proxy import ParameterProxy, Proxy, Scope, ScopeContextManager, TracerBase
  File "<frozen importlib._bootstrap>", line 1027, in _find_and_load
  File "<frozen importlib._bootstrap>", line 1006, in _find_and_load_unlocked
  File "<frozen importlib._bootstrap>", line 688, in _load_unlocked
  File "<frozen importlib._bootstrap_external>", line 879, in exec_module
  File "<frozen importlib._bootstrap_external>", line 975, in get_code
  File "<frozen importlib._bootstrap_external>", line 1074, in get_data
KeyboardInterrupt
